0 info it worked if it ends with ok
1 verbose cli [ 'node', '/usr/bin/npm', 'install', 'pm2', '-g' ]
2 info using npm@1.3.6
3 info using node@v0.10.48
4 verbose cache add [ 'pm2', null ]
5 verbose cache add name=undefined spec="pm2" args=["pm2",null]
6 verbose parsed url { protocol: null,
6 verbose parsed url   slashes: null,
6 verbose parsed url   auth: null,
6 verbose parsed url   host: null,
6 verbose parsed url   port: null,
6 verbose parsed url   hostname: null,
6 verbose parsed url   hash: null,
6 verbose parsed url   search: null,
6 verbose parsed url   query: null,
6 verbose parsed url   pathname: 'pm2',
6 verbose parsed url   path: 'pm2',
6 verbose parsed url   href: 'pm2' }
7 silly lockFile b1fbedd8-pm2 pm2
8 verbose lock pm2 /root/.npm/b1fbedd8-pm2.lock
9 silly lockFile b1fbedd8-pm2 pm2
10 silly lockFile b1fbedd8-pm2 pm2
11 verbose addNamed [ 'pm2', '' ]
12 verbose addNamed [ null, '*' ]
13 silly lockFile d1072219-pm2 pm2@
14 verbose lock pm2@ /root/.npm/d1072219-pm2.lock
15 silly addNameRange { name: 'pm2', range: '*', hasData: false }
16 verbose url raw pm2
17 verbose url resolving [ 'https://registry.npmjs.org/', './pm2' ]
18 verbose url resolved https://registry.npmjs.org/pm2
19 info trying registry request attempt 1 at 05:35:49
20 http GET https://registry.npmjs.org/pm2
21 info retry will retry, error on last attempt: Error: UNABLE_TO_GET_ISSUER_CERT_LOCALLY
22 info trying registry request attempt 2 at 05:35:59
23 http GET https://registry.npmjs.org/pm2
24 info retry will retry, error on last attempt: Error: UNABLE_TO_GET_ISSUER_CERT_LOCALLY
25 info trying registry request attempt 3 at 05:36:59
26 http GET https://registry.npmjs.org/pm2
27 silly lockFile d1072219-pm2 pm2@
28 silly lockFile d1072219-pm2 pm2@
29 error Error: UNABLE_TO_GET_ISSUER_CERT_LOCALLY
29 error     at SecurePair.<anonymous> (tls.js:1430:32)
29 error     at SecurePair.emit (events.js:92:17)
29 error     at SecurePair.maybeInitFinished (tls.js:1029:10)
29 error     at CleartextStream.read [as _read] (tls.js:521:13)
29 error     at CleartextStream.Readable.read (_stream_readable.js:341:10)
29 error     at EncryptedStream.write [as _write] (tls.js:418:25)
29 error     at doWrite (_stream_writable.js:226:10)
29 error     at writeOrBuffer (_stream_writable.js:216:5)
29 error     at EncryptedStream.Writable.write (_stream_writable.js:183:11)
29 error     at write (_stream_readable.js:602:24)
30 error If you need help, you may report this log at:
30 error     <http://github.com/isaacs/npm/issues>
30 error or email it to:
30 error     <npm-@googlegroups.com>
31 error System Linux 4.14.154-99.181.amzn1.x86_64
32 error command "node" "/usr/bin/npm" "install" "pm2" "-g"
33 error cwd /home/ec2-user/myReactApp
34 error node -v v0.10.48
35 error npm -v 1.3.6
36 verbose exit [ 1, true ]
